2026-02-17 22:34:37 - INFO -   Orchestrator   - Starting orchestrator
2026-02-17 22:34:37 - INFO -   Orchestrator   - Starting modules/1.file_retrieval.py
2026-02-17 22:34:38 - INFO -      Module      - connecting to https://data.nsw.gov.au/data/dataset/fuel-check
2026-02-17 22:34:42 - INFO -      Module      - jan2026 data file already loaded
2026-02-17 22:34:42 - INFO -   Orchestrator   - Conditions not met in modules/1.file_retrieval.py - Skipping Module
2026-02-17 22:34:42 - INFO -   Orchestrator   - Starting modules/2.transform_data.py
2026-02-17 22:34:42 - INFO -      Module      - jan2026 file has already been transformed
2026-02-17 22:34:42 - INFO -   Orchestrator   - Conditions not met in modules/2.transform_data.py - Skipping Module
2026-02-17 22:34:42 - INFO -   Orchestrator   - Starting modules/3.api_integration.py
2026-02-17 22:34:43 - INFO -      Module      - Pulling API Information
2026-02-17 22:34:46 - INFO -      Module      - Pulling Database Information
2026-02-17 22:34:47 - INFO -      Module      - Creating the datasets
2026-02-17 22:34:47 - INFO -      Module      - Truncate the staging tables
2026-02-17 22:34:47 - INFO -      Module      - Inserting data into the database
2026-02-17 22:34:48 - INFO -      Module      - Config file updated
2026-02-17 22:34:48 - INFO -      Module      - pushing file to repo
2026-02-17 22:34:49 - INFO -      Module      - Successfully pushed config.json to repo
2026-02-17 22:34:49 - INFO -      Module      - Operation complete
2026-02-17 22:34:49 - INFO -   Orchestrator   - Finished modules/3.api_integration.py
2026-02-17 22:34:49 - INFO -   Orchestrator   - Starting modules/99.retention_policy.py
2026-02-17 22:34:49 - INFO - Retention Policy - Old workflow logs cleaned up and changes pushed.
2026-02-17 22:34:49 - INFO -   Orchestrator   - Finished modules/99.retention_policy.py
2026-02-17 22:34:49 - INFO -   Orchestrator   - Finished orchestrator
