2026-02-21 12:08:01 - INFO -   Orchestrator   - Starting orchestrator
2026-02-21 12:08:01 - INFO -   Orchestrator   - Starting modules/1.file_retrieval.py
2026-02-21 12:08:02 - INFO -      Module 1    - connecting to https://data.nsw.gov.au/data/dataset/fuel-check
2026-02-21 12:08:06 - INFO -      Module 1    - jan2026 data file already loaded
2026-02-21 12:08:06 - INFO -   Orchestrator   - Conditions not met in modules/1.file_retrieval.py - Skipping Module
2026-02-21 12:08:06 - INFO -   Orchestrator   - Starting modules/2.transform_data.py
2026-02-21 12:08:06 - INFO -      Module 2    - Reading data and logs/fuelcheck_jan2026.csv
2026-02-21 12:08:06 - INFO -      Module 2    - df_fuel_data has 74525 rows
2026-02-21 12:08:06 - INFO -      Module 2    - Starting Block Two
2026-02-21 12:08:07 - INFO -      Module 2    - Starting Block Three
2026-02-21 12:08:07 - INFO -      Module 2    - Starting Block Four
2026-02-21 12:08:18 - INFO -      Module 2    - Final output has 256774 rows
2026-02-21 12:08:18 - INFO -      Module 2    - Inserting values into database
2026-02-21 12:08:32 - INFO -      Module 2    - Config file updated
2026-02-21 12:08:32 - INFO -      Module 2    - pushing file to repo
2026-02-21 12:08:32 - INFO -      Module 2    - Successfully pushed config.json to repo
2026-02-21 12:08:32 - INFO -      Module 2    - Operation complete
2026-02-21 12:08:32 - INFO -   Orchestrator   - Finished modules/2.transform_data.py
2026-02-21 12:08:32 - INFO -   Orchestrator   - Starting modules/3.api_integration.py
2026-02-21 12:08:33 - INFO -      Module 3    - Pulling API Information
2026-02-21 12:08:38 - INFO -      Module 3    - Cleaning API Data
2026-02-21 12:08:38 - INFO -      Module 3    - Pulling Database Information
2026-02-21 12:08:38 - INFO -      Module 3    - Creating the datasets
2026-02-21 12:08:38 - INFO -      Module 3    - Comparing API dataset to dbo dataset
2026-02-21 12:08:38 - INFO -      Module 3    - Inserting data into the database
2026-02-21 12:08:38 - INFO -      Module 3    - Config file updated
2026-02-21 12:08:38 - INFO -      Module 3    - pushing file to repo
2026-02-21 12:08:39 - INFO -      Module 3    - Successfully pushed config.json to repo
2026-02-21 12:08:39 - INFO -      Module 3    - Operation complete
2026-02-21 12:08:39 - INFO -   Orchestrator   - Finished modules/3.api_integration.py
2026-02-21 12:08:39 - INFO -   Orchestrator   - Starting modules/4.data_quality.py
2026-02-21 12:08:39 - INFO -      Module 4    - Running SQL Stored Procedure
2026-02-21 12:09:46 - INFO -      Module 4    - Operation complete
2026-02-21 12:09:46 - INFO -   Orchestrator   - Finished modules/4.data_quality.py
2026-02-21 12:09:46 - INFO -   Orchestrator   - Starting modules/99.retention_policy.py
2026-02-21 12:09:46 - INFO - Retention Policy - Old workflow logs cleaned up and changes pushed.
2026-02-21 12:09:46 - INFO -   Orchestrator   - Finished modules/99.retention_policy.py
2026-02-21 12:09:46 - INFO -   Orchestrator   - Finished orchestrator
