2026-02-16 15:06:33 - INFO -   Orchestrator   - Starting orchestrator
2026-02-16 15:06:33 - INFO -   Orchestrator   - Starting modules/1.file_retrieval.py
2026-02-16 15:06:34 - INFO -      Module      - connecting to https://data.nsw.gov.au/data/dataset/fuel-check
2026-02-16 15:06:38 - INFO -      Module      - jan2026 data file already loaded
2026-02-16 15:06:38 - INFO -   Orchestrator   - Conditions not met in modules/1.file_retrieval.py - Skipping Module
2026-02-16 15:06:38 - INFO -   Orchestrator   - Starting modules/2.transform_data.py
2026-02-16 15:06:39 - INFO -      Module      - jan2026 file has already been transformed
2026-02-16 15:06:39 - INFO -   Orchestrator   - Conditions not met in modules/2.transform_data.py - Skipping Module
2026-02-16 15:06:39 - INFO -   Orchestrator   - Starting modules/3.api_integration.py
2026-02-16 15:06:39 - INFO -      Module      - Pulling API Information
2026-02-16 15:06:43 - INFO -      Module      - Pulling Database Information
2026-02-16 15:06:43 - INFO -      Module      - Creating the datasets
2026-02-16 15:06:43 - INFO -      Module      - Truncate the staging tables
2026-02-16 15:06:43 - INFO -      Module      - Inserting data into the database
2026-02-16 15:06:44 - INFO -      Module      - Config file updated
2026-02-16 15:06:44 - ERROR -      Module      - Unexpected error saving json config file: name 'push_file_to_repo' is not defined
Traceback (most recent call last):
  File "/home/runner/work/NSW-Fuel-Price-Insights/NSW-Fuel-Price-Insights/modules/3.api_integration.py", line 161, in save_config
    push_file_to_repo(config_file, f"successful run - configfile updated {datetimestamp}")
    ^^^^^^^^^^^^^^^^^
NameError: name 'push_file_to_repo' is not defined
2026-02-16 15:06:44 - INFO -      Module      - Operation complete
2026-02-16 15:06:44 - INFO -   Orchestrator   - Finished modules/3.api_integration.py
2026-02-16 15:06:44 - INFO -   Orchestrator   - Starting modules/99.retention_policy.py
2026-02-16 15:06:44 - INFO - Retention Policy - Old workflow logs cleaned up and changes pushed.
2026-02-16 15:06:44 - INFO -   Orchestrator   - Finished modules/99.retention_policy.py
2026-02-16 15:06:44 - INFO -   Orchestrator   - Finished orchestrator
