2026-02-15 08:40:27 - INFO - Orchestrator - Starting orchestrator
2026-02-15 08:40:27 - INFO - Orchestrator - Starting modules/1.file_retrieval.py
2026-02-15 08:40:27 - INFO -    Module    - connecting to https://data.nsw.gov.au/data/dataset/fuel-check
2026-02-15 08:40:31 - INFO -    Module    - jan2026 data file already loaded
2026-02-15 08:40:31 - INFO - Orchestrator - Conditions not met in modules/1.file_retrieval.py - Skipping Module
2026-02-15 08:40:31 - INFO - Orchestrator - Starting modules/2.transform_data.py
2026-02-15 08:40:32 - INFO -    Module    - Reading data and logs/fuelcheck_jan2026.csv
2026-02-15 08:40:32 - INFO -    Module    - df_fuel_data has 74525 rows
2026-02-15 08:40:32 - INFO -    Module    - Starting Block Two
2026-02-15 08:40:34 - INFO -    Module    - Starting Block Three
2026-02-15 08:40:34 - INFO -    Module    - Starting Block Four
2026-02-15 08:40:45 - INFO -    Module    - Final output has 256774 rows
2026-02-15 08:40:45 - INFO -    Module    - Inserting values into database
2026-02-15 08:41:07 - INFO - Orchestrator - Finished modules/2.transform_data.py
2026-02-15 08:41:07 - ERROR - Orchestrator - Module modules/2.transform_data.py failed with exit code 1
2026-02-15 08:41:07 - ERROR - Orchestrator - modules/2.transform_data.py errors before failure:
Traceback (most recent call last):
  File "/home/runner/work/NSW-Fuel-Price-Insights/NSW-Fuel-Price-Insights/modules/2.transform_data.py", line 339, in <module>
    config["last_transformation"] = config["latest_file"].strftime("%b%Y").lower()
                                    ^^^^^^^^^^^^^^^^^^^^^^^^^^^^^^
AttributeError: 'str' object has no attribute 'strftime'

