2026-02-15 07:46:45 - INFO - Orchestrator - Starting orchestrator
2026-02-15 07:46:45 - INFO - Orchestrator - Starting modules/1.file_retrieval.py
2026-02-15 07:46:45 - INFO -    Module    - connecting to https://data.nsw.gov.au/data/dataset/fuel-check
2026-02-15 07:46:50 - INFO -    Module    - jan2026 data file already loaded
2026-02-15 07:46:50 - INFO - Orchestrator - Conditions not met in modules/1.file_retrieval.py - Skipping Module
2026-02-15 07:46:50 - INFO - Orchestrator - Starting modules/2.transform_data.py
2026-02-15 07:46:50 - INFO - Orchestrator - Finished modules/2.transform_data.py
2026-02-15 07:46:50 - ERROR - Orchestrator - Module modules/2.transform_data.py failed with exit code 1
2026-02-15 07:46:50 - ERROR - Orchestrator - modules/2.transform_data.py errors before failure:
Traceback (most recent call last):
  File "/home/runner/work/NSW-Fuel-Price-Insights/NSW-Fuel-Price-Insights/modules/2.transform_data.py", line 39, in <module>
    engine = create_engine(DB_CONNECTION_STRING)
             ^^^^^^^^^^^^^^^^^^^^^^^^^^^^^^^^^^^
  File "<string>", line 2, in create_engine
  File "/opt/hostedtoolcache/Python/3.11.14/x64/lib/python3.11/site-packages/sqlalchemy/util/deprecations.py", line 281, in warned
    return fn(*args, **kwargs)  # type: ignore[no-any-return]
           ^^^^^^^^^^^^^^^^^^^
  File "/opt/hostedtoolcache/Python/3.11.14/x64/lib/python3.11/site-packages/sqlalchemy/engine/create.py", line 617, in create_engine
    dbapi = dbapi_meth(**dbapi_args)
            ^^^^^^^^^^^^^^^^^^^^^^^^
  File "/opt/hostedtoolcache/Python/3.11.14/x64/lib/python3.11/site-packages/sqlalchemy/dialects/postgresql/psycopg2.py", line 696, in import_dbapi
    import psycopg2
ModuleNotFoundError: No module named 'psycopg2'

